INFO - 2023-10-30 03:04:53 --> Session: Class initialized using 'CodeIgniter\Session\Handlers\FileHandler' driver.
WARNING - 2023-10-30 03:04:53 --> [DEPRECATED] Creation of dynamic property App\Controllers\UserController::$session is deprecated in APPPATH\Controllers\UserController.php on line 13.
 1 SYSTEMPATH\CodeIgniter.php(891): App\Controllers\UserController->__construct()
 2 SYSTEMPATH\CodeIgniter.php(485): CodeIgniter\CodeIgniter->createController()
 3 SYSTEMPATH\CodeIgniter.php(353): CodeIgniter\CodeIgniter->handleRequest(null, Object(Config\Cache), false)
 4 FCPATH\index.php(79): CodeIgniter\CodeIgniter->run()
 5 SYSTEMPATH\Commands\Server\rewrite.php(47): require_once('C:\\Users\\iama8\\Documents\\PROYECTOS PHP\\CRUD-USUARIOS\\public\\index.php')
CRITICAL - 2023-10-30 03:04:54 --> syntax error, unexpected token ":", expecting ";"
in APPPATH\Views\users\index.php on line 46.
 1 SYSTEMPATH\View\View.php(229): CodeIgniter\View\View->CodeIgniter\View\{closure}()
 2 SYSTEMPATH\Common.php(1188): CodeIgniter\View\View->render('users/index', [], true)
 3 APPPATH\Controllers\UserController.php(20): view('users/index', [...])
 4 SYSTEMPATH\CodeIgniter.php(919): App\Controllers\UserController->index()
 5 SYSTEMPATH\CodeIgniter.php(494): CodeIgniter\CodeIgniter->runController(Object(App\Controllers\UserController))
 6 SYSTEMPATH\CodeIgniter.php(353): CodeIgniter\CodeIgniter->handleRequest(null, Object(Config\Cache), false)
 7 FCPATH\index.php(79): CodeIgniter\CodeIgniter->run()
 8 SYSTEMPATH\Commands\Server\rewrite.php(47): require_once('C:\\Users\\iama8\\Documents\\PROYECTOS PHP\\CRUD-USUARIOS\\public\\index.php')
INFO - 2023-10-30 03:05:17 --> Session: Class initialized using 'CodeIgniter\Session\Handlers\FileHandler' driver.
WARNING - 2023-10-30 03:05:17 --> [DEPRECATED] Creation of dynamic property App\Controllers\UserController::$session is deprecated in APPPATH\Controllers\UserController.php on line 13.
 1 SYSTEMPATH\CodeIgniter.php(891): App\Controllers\UserController->__construct()
 2 SYSTEMPATH\CodeIgniter.php(485): CodeIgniter\CodeIgniter->createController()
 3 SYSTEMPATH\CodeIgniter.php(353): CodeIgniter\CodeIgniter->handleRequest(null, Object(Config\Cache), false)
 4 FCPATH\index.php(79): CodeIgniter\CodeIgniter->run()
 5 SYSTEMPATH\Commands\Server\rewrite.php(47): require_once('C:\\Users\\iama8\\Documents\\PROYECTOS PHP\\CRUD-USUARIOS\\public\\index.php')
INFO - 2023-10-30 03:05:33 --> Session: Class initialized using 'CodeIgniter\Session\Handlers\FileHandler' driver.
WARNING - 2023-10-30 03:05:33 --> [DEPRECATED] Creation of dynamic property App\Controllers\UserController::$session is deprecated in APPPATH\Controllers\UserController.php on line 13.
 1 SYSTEMPATH\CodeIgniter.php(891): App\Controllers\UserController->__construct()
 2 SYSTEMPATH\CodeIgniter.php(485): CodeIgniter\CodeIgniter->createController()
 3 SYSTEMPATH\CodeIgniter.php(353): CodeIgniter\CodeIgniter->handleRequest(null, Object(Config\Cache), false)
 4 FCPATH\index.php(79): CodeIgniter\CodeIgniter->run()
 5 SYSTEMPATH\Commands\Server\rewrite.php(47): require_once('C:\\Users\\iama8\\Documents\\PROYECTOS PHP\\CRUD-USUARIOS\\public\\index.php')
INFO - 2023-10-30 03:05:36 --> Session: Class initialized using 'CodeIgniter\Session\Handlers\FileHandler' driver.
WARNING - 2023-10-30 03:05:36 --> [DEPRECATED] Creation of dynamic property App\Controllers\UserController::$session is deprecated in APPPATH\Controllers\UserController.php on line 13.
 1 SYSTEMPATH\CodeIgniter.php(891): App\Controllers\UserController->__construct()
 2 SYSTEMPATH\CodeIgniter.php(485): CodeIgniter\CodeIgniter->createController()
 3 SYSTEMPATH\CodeIgniter.php(353): CodeIgniter\CodeIgniter->handleRequest(null, Object(Config\Cache), false)
 4 FCPATH\index.php(79): CodeIgniter\CodeIgniter->run()
 5 SYSTEMPATH\Commands\Server\rewrite.php(47): require_once('C:\\Users\\iama8\\Documents\\PROYECTOS PHP\\CRUD-USUARIOS\\public\\index.php')
